AndroidStudensInformation/app/build/intermediates/manifest_merge_blame_file/debug/manifest-merger-blame-debug-report.txt
1<?xml version="1.0" encoding="utf-8"?>
2<manifest xmlns:android="http://schemas.android.com/apk/res/android"
3    xmlns:dist="http://schemas.android.com/apk/distribution"
4    package="com.example.database_demo"
5    android:versionCode="1"
6    android:versionName="1.0" >
7
8    <uses-sdk
9        android:minSdkVersion="24"
9-->src\main\AndroidManifest.xml
10        android:targetSdkVersion="32" />
10-->src\main\AndroidManifest.xml
11
12    <dist:module dist:instant="true" />
12-->src\main\AndroidManifest.xml:6:5-40
12-->src\main\AndroidManifest.xml:6:18-37
13
14    <uses-permission android:name="android.permission.CALL_PHONE" />
14-->src\main\AndroidManifest.xml:8:5-68
14-->src\main\AndroidManifest.xml:8:22-66
15    <uses-permission android:name="android.permission.MOUNT_UNMOUNT_FILESYSTEM" />
15-->src\main\AndroidManifest.xml:9:5-82
15-->src\main\AndroidManifest.xml:9:22-80
16    <uses-permission android:name="android.permission.WRITE_EXTERNAL_STORAGE" />
16-->src\main\AndroidManifest.xml:10:5-80
16-->src\main\AndroidManifest.xml:10:22-78
17
18    <application
18-->src\main\AndroidManifest.xml:12:5-58:19
19        android:allowBackup="true"
19-->src\main\AndroidManifest.xml:13:9-35
20        android:appComponentFactory="androidx.core.app.CoreComponentFactory"
20-->[androidx.core:core:1.5.0] AndroidManifest.xml:24:18-86
21        android:debuggable="true"
22        android:extractNativeLibs="false"
23        android:icon="@mipmap/school_new"
23-->src\main\AndroidManifest.xml:14:9-42
24        android:label="PCCTBU"
24-->src\main\AndroidManifest.xml:15:9-31
25        android:roundIcon="@mipmap/school_new"
25-->src\main\AndroidManifest.xml:16:9-47
26        android:supportsRtl="true"
26-->src\main\AndroidManifest.xml:17:9-35
27        android:testOnly="true"
28        android:theme="@style/NoActivityFULLscreen" >
28-->src\main\AndroidManifest.xml:18:9-52
29        <activity android:name="com.example.database_demo.teacher.TeacherAboutMe" />
29-->src\main\AndroidManifest.xml:19:9-69
29-->src\main\AndroidManifest.xml:19:19-57
30        <activity android:name="com.example.database_demo.teacher.StudentChooseCourseInfo" />
30-->src\main\AndroidManifest.xml:20:9-69
30-->src\main\AndroidManifest.xml:20:19-66
31        <activity android:name="com.example.database_demo.administrator.ChangeAccountAdmin" />
31-->src\main\AndroidManifest.xml:21:9-70
31-->src\main\AndroidManifest.xml:21:19-67
32        <activity android:name="com.example.database_demo.administrator.Addadmin" />
32-->src\main\AndroidManifest.xml:22:9-60
32-->src\main\AndroidManifest.xml:22:19-57
33        <activity android:name="com.example.database_demo.administrator.Container" />
33-->src\main\AndroidManifest.xml:23:9-61
33-->src\main\AndroidManifest.xml:23:19-58
34        <activity android:name="com.example.database_demo.student.SubmitMessage" />
34-->src\main\AndroidManifest.xml:24:9-59
34-->src\main\AndroidManifest.xml:24:19-56
35        <activity android:name="com.example.database_demo.administrator.ChangeCourseSet" />
35-->src\main\AndroidManifest.xml:25:9-67
35-->src\main\AndroidManifest.xml:25:19-64
36        <activity android:name="com.example.database_demo.teacher.ChangeStudentScore" />
36-->src\main\AndroidManifest.xml:26:9-64
36-->src\main\AndroidManifest.xml:26:19-61
37        <activity android:name="com.example.database_demo.administrator.ChangeAccountTeacher" />
37-->src\main\AndroidManifest.xml:27:9-72
37-->src\main\AndroidManifest.xml:27:19-69
38        <activity android:name="com.example.database_demo.administrator.DeleteChangeTeacher" />
38-->src\main\AndroidManifest.xml:28:9-71
38-->src\main\AndroidManifest.xml:28:19-68
39        <activity android:name="com.example.database_demo.administrator.Addteacher" />
39-->src\main\AndroidManifest.xml:29:9-62
39-->src\main\AndroidManifest.xml:29:19-59
40        <activity android:name="com.example.database_demo.teacher.ActivityTeacher" />
40-->src\main\AndroidManifest.xml:30:9-61
40-->src\main\AndroidManifest.xml:30:19-58
41        <activity android:name="com.example.database_demo.student.AboutMe" />
41-->src\main\AndroidManifest.xml:31:9-53
41-->src\main\AndroidManifest.xml:31:19-50
42        <activity android:name="com.example.database_demo.student.ChooseCourse" />
42-->src\main\AndroidManifest.xml:32:9-58
42-->src\main\AndroidManifest.xml:32:19-55
43        <activity android:name="com.example.database_demo.student.ActivityStudent" />
43-->src\main\AndroidManifest.xml:33:9-60
43-->src\main\AndroidManifest.xml:33:19-58
44        <activity android:name="com.example.database_demo.start_load.PasswordChange" />
44-->src\main\AndroidManifest.xml:34:9-63
44-->src\main\AndroidManifest.xml:34:19-60
45        <activity android:name="com.example.database_demo.administrator.ChangeAccount" />
45-->src\main\AndroidManifest.xml:35:9-65
45-->src\main\AndroidManifest.xml:35:19-62
46        <activity android:name="com.example.database_demo.start_load.Load" />
46-->src\main\AndroidManifest.xml:36:9-53
46-->src\main\AndroidManifest.xml:36:19-50
47        <activity
47-->src\main\AndroidManifest.xml:37:9-44:20
48            android:name="com.example.database_demo.start_load.StartActivity"
48-->src\main\AndroidManifest.xml:37:19-59
49            android:exported="true" >
49-->src\main\AndroidManifest.xml:38:13-36
50            <intent-filter>
50-->src\main\AndroidManifest.xml:39:13-43:29
51                <action android:name="android.intent.action.MAIN" />
51-->src\main\AndroidManifest.xml:40:17-69
51-->src\main\AndroidManifest.xml:40:25-66
52
53                <category android:name="android.intent.category.LAUNCHER" />
53-->src\main\AndroidManifest.xml:41:17-77
53-->src\main\AndroidManifest.xml:41:27-74
54                <category android:name="android.intent.category.DEFAULT" />
54-->src\main\AndroidManifest.xml:42:17-76
54-->src\main\AndroidManifest.xml:42:27-73
55            </intent-filter>
56        </activity>
57        <activity android:name="com.example.database_demo.administrator.Add" />
57-->src\main\AndroidManifest.xml:45:9-55
57-->src\main\AndroidManifest.xml:45:19-52
58        <activity android:name="com.example.database_demo.administrator.DeleteChange" />
58-->src\main\AndroidManifest.xml:46:9-64
58-->src\main\AndroidManifest.xml:46:19-61
59
60        <provider
60-->src\main\AndroidManifest.xml:47:9-55:20
61            android:name="androidx.core.content.FileProvider"
61-->src\main\AndroidManifest.xml:48:13-62
62            android:authorities="com.example.database_demo.fileprovider"
62-->src\main\AndroidManifest.xml:49:13-73
63            android:exported="false"
63-->src\main\AndroidManifest.xml:50:13-37
64            android:grantUriPermissions="true" >
64-->src\main\AndroidManifest.xml:51:13-47
65            <meta-data
65-->src\main\AndroidManifest.xml:52:13-54:54
66                android:name="android.support.FILE_PROVIDER_PATHS"
66-->src\main\AndroidManifest.xml:53:17-67
67                android:resource="@xml/file_paths" />
67-->src\main\AndroidManifest.xml:54:17-51
68        </provider>
69    </application>
70
71</manifest>